<?xml version="1.0" encoding="UTF-8"?>
<!-- Generated by org.testng.reporters.JUnitXMLReporter -->
<testsuite ignored="1" hostname="CBE5CD3170Y3Q" failures="0" tests="1" name="Default test" time="46.526" errors="0" timestamp="2025-11-14T14:18:44 IST">
  <testcase classname="Com.ACC.Test.TC_001_login" name="login_page" time="40.902"/>
  <testcase classname="cucumber.api.testng.AbstractTestNGCucumberTests" name="runScenario" time="0.0">
    <ignored/>
  </testcase> <!-- runScenario -->
</testsuite> <!-- Default test -->
