<?xml version="1.0" encoding="UTF-8"?>
<testng-results ignored="1" total="2" passed="1" failed="0" skipped="0">
  <reporter-output>
  </reporter-output>
  <suite started-at="2025-11-14T14:17:58 IST" name="Default suite" finished-at="2025-11-14T14:18:44 IST" duration-ms="46526">
    <groups>
    </groups>
    <test started-at="2025-11-14T14:17:58 IST" name="Default test" finished-at="2025-11-14T14:18:44 IST" duration-ms="46526">
      <class name="Com.ACC.Test.TC_001_login">
        <test-method is-config="true" signature="startReport()[pri:0, instance:Com.ACC.Test.TC_001_login@1349883]" started-at="2025-11-14T14:17:57 IST" name="startReport" finished-at="2025-11-14T14:17:58 IST" duration-ms="321" status="PASS">
          <reporter-output>
          </reporter-output>
        </test-method> <!-- startReport -->
        <test-method is-config="true" signature="beforeTest()[pri:0, instance:Com.ACC.Test.TC_001_login@1349883]" started-at="2025-11-14T14:17:58 IST" name="beforeTest" finished-at="2025-11-14T14:17:58 IST" duration-ms="1" status="PASS">
          <reporter-output>
          </reporter-output>
        </test-method> <!-- beforeTest -->
        <test-method is-config="true" signature="Repoet_data()[pri:0, instance:Com.ACC.Test.TC_001_login@1349883]" started-at="2025-11-14T14:17:58 IST" name="Repoet_data" finished-at="2025-11-14T14:17:58 IST" depends-on-methods="BeforeAndAfterMethods.BeforeRunAndAfterRun.beforeTest" duration-ms="0" status="PASS">
          <reporter-output>
          </reporter-output>
        </test-method> <!-- Repoet_data -->
        <test-method is-config="true" signature="setUpClass()[pri:0, instance:Com.ACC.Test.TC_001_login@1349883]" started-at="2025-11-14T14:17:58 IST" name="setUpClass" finished-at="2025-11-14T14:17:58 IST" duration-ms="110" status="PASS">
          <reporter-output>
          </reporter-output>
        </test-method> <!-- setUpClass -->
        <test-method is-config="true" signature="report()[pri:0, instance:Com.ACC.Test.TC_001_login@1349883]" started-at="2025-11-14T14:17:58 IST" name="report" finished-at="2025-11-14T14:17:58 IST" duration-ms="9" status="PASS">
          <reporter-output>
          </reporter-output>
        </test-method> <!-- report -->
        <test-method is-config="true" signature="precondition()[pri:0, instance:Com.ACC.Test.TC_001_login@1349883]" started-at="2025-11-14T14:17:59 IST" name="precondition" finished-at="2025-11-14T14:18:03 IST" duration-ms="4612" status="PASS">
          <reporter-output>
          </reporter-output>
        </test-method> <!-- precondition -->
        <test-method signature="login_page(java.lang.String,java.lang.String,int)[pri:0, instance:Com.ACC.Test.TC_001_login@1349883]" started-at="2025-11-14T14:18:03 IST" name="login_page" data-provider="fetchdata" finished-at="2025-11-14T14:18:44 IST" duration-ms="40902" status="PASS">
          <params>
            <param index="0">
              <value>
                <![CDATA[gokul.c@orioninc.com]]>
              </value>
            </param>
            <param index="1">
              <value>
                <![CDATA[Password1234!]]>
              </value>
            </param>
            <param index="2">
              <value>
                <![CDATA[1111]]>
              </value>
            </param>
          </params>
          <reporter-output>
          </reporter-output>
        </test-method> <!-- login_page -->
        <test-method is-config="true" signature="tearDownClass()[pri:0, instance:Com.ACC.Test.TC_001_login@1349883]" started-at="2025-11-14T14:18:44 IST" name="tearDownClass" finished-at="2025-11-14T14:18:44 IST" duration-ms="3" status="PASS">
          <reporter-output>
          </reporter-output>
        </test-method> <!-- tearDownClass -->
        <test-method is-config="true" signature="stopReport()[pri:0, instance:Com.ACC.Test.TC_001_login@1349883]" started-at="2025-11-14T14:18:44 IST" name="stopReport" finished-at="2025-11-14T14:18:48 IST" duration-ms="3791" status="PASS">
          <reporter-output>
          </reporter-output>
        </test-method> <!-- stopReport -->
      </class> <!-- Com.ACC.Test.TC_001_login -->
    </test> <!-- Default test -->
  </suite> <!-- Default suite -->
</testng-results>
